  ЛР21.cpp
C:\Users\zeedi\OneDrive\Рабочий стол\ЛР21\ЛР21\ЛР21\ЛР21.cpp(38,37): warning C4474: "printf_s" : для строки формата передано слишком много аргументов
C:\Users\zeedi\OneDrive\Рабочий стол\ЛР21\ЛР21\ЛР21\ЛР21.cpp(38,37): message : заполнители и их параметры ожидают переменное число аргументов в количестве 1, но было предоставлено 3
C:\Users\zeedi\OneDrive\Рабочий стол\ЛР21\ЛР21\ЛР21\ЛР21.cpp(39,11): warning C4477: "printf": в строке форматирования "%s" требуется аргумент типа "char *", но вариативный аргумент "1" имеет тип "TCHAR *"
C:\Users\zeedi\OneDrive\Рабочий стол\ЛР21\ЛР21\ЛР21\ЛР21.cpp(39,11): message : рекомендуется использовать "%ls" в строке форматирования
C:\Users\zeedi\OneDrive\Рабочий стол\ЛР21\ЛР21\ЛР21\ЛР21.cpp(39,11): message : рекомендуется использовать "%lls" в строке форматирования
C:\Users\zeedi\OneDrive\Рабочий стол\ЛР21\ЛР21\ЛР21\ЛР21.cpp(39,11): message : рекомендуется использовать "%Ls" в строке форматирования
C:\Users\zeedi\OneDrive\Рабочий стол\ЛР21\ЛР21\ЛР21\ЛР21.cpp(39,11): message : рекомендуется использовать "%ws" в строке форматирования
C:\Users\zeedi\OneDrive\Рабочий стол\ЛР21\ЛР21\ЛР21\ЛР21.cpp(61,26): warning C4477: "printf": в строке форматирования "%s" требуется аргумент типа "char *", но вариативный аргумент "1" имеет тип "LPTSTR"
C:\Users\zeedi\OneDrive\Рабочий стол\ЛР21\ЛР21\ЛР21\ЛР21.cpp(61,26): message : рекомендуется использовать "%ls" в строке форматирования
C:\Users\zeedi\OneDrive\Рабочий стол\ЛР21\ЛР21\ЛР21\ЛР21.cpp(61,26): message : рекомендуется использовать "%lls" в строке форматирования
C:\Users\zeedi\OneDrive\Рабочий стол\ЛР21\ЛР21\ЛР21\ЛР21.cpp(61,26): message : рекомендуется использовать "%Ls" в строке форматирования
C:\Users\zeedi\OneDrive\Рабочий стол\ЛР21\ЛР21\ЛР21\ЛР21.cpp(61,26): message : рекомендуется использовать "%ws" в строке форматирования
C:\Users\zeedi\OneDrive\Рабочий стол\ЛР21\ЛР21\ЛР21\ЛР21.cpp(63,14): warning C4477: "printf_s": в строке форматирования "%s" требуется аргумент типа "char *", но вариативный аргумент "1" имеет тип "TCHAR *"
C:\Users\zeedi\OneDrive\Рабочий стол\ЛР21\ЛР21\ЛР21\ЛР21.cpp(63,14): message : рекомендуется использовать "%ls" в строке форматирования
C:\Users\zeedi\OneDrive\Рабочий стол\ЛР21\ЛР21\ЛР21\ЛР21.cpp(63,14): message : рекомендуется использовать "%lls" в строке форматирования
C:\Users\zeedi\OneDrive\Рабочий стол\ЛР21\ЛР21\ЛР21\ЛР21.cpp(63,14): message : рекомендуется использовать "%Ls" в строке форматирования
C:\Users\zeedi\OneDrive\Рабочий стол\ЛР21\ЛР21\ЛР21\ЛР21.cpp(63,14): message : рекомендуется использовать "%ws" в строке форматирования
C:\Users\zeedi\OneDrive\Рабочий стол\ЛР21\ЛР21\ЛР21\ЛР21.cpp(65,14): warning C4477: "printf_s": в строке форматирования "%s" требуется аргумент типа "char *", но вариативный аргумент "2" имеет тип "TCHAR *"
C:\Users\zeedi\OneDrive\Рабочий стол\ЛР21\ЛР21\ЛР21\ЛР21.cpp(65,14): message : рекомендуется использовать "%ls" в строке форматирования
C:\Users\zeedi\OneDrive\Рабочий стол\ЛР21\ЛР21\ЛР21\ЛР21.cpp(65,14): message : рекомендуется использовать "%lls" в строке форматирования
C:\Users\zeedi\OneDrive\Рабочий стол\ЛР21\ЛР21\ЛР21\ЛР21.cpp(65,14): message : рекомендуется использовать "%Ls" в строке форматирования
C:\Users\zeedi\OneDrive\Рабочий стол\ЛР21\ЛР21\ЛР21\ЛР21.cpp(65,14): message : рекомендуется использовать "%ws" в строке форматирования
C:\Users\zeedi\OneDrive\Рабочий стол\ЛР21\ЛР21\ЛР21\ЛР21.cpp(66,12): warning C4477: "printf": в строке форматирования "%s" требуется аргумент типа "char *", но вариативный аргумент "1" имеет тип "TCHAR *"
C:\Users\zeedi\OneDrive\Рабочий стол\ЛР21\ЛР21\ЛР21\ЛР21.cpp(66,12): message : рекомендуется использовать "%ls" в строке форматирования
C:\Users\zeedi\OneDrive\Рабочий стол\ЛР21\ЛР21\ЛР21\ЛР21.cpp(66,12): message : рекомендуется использовать "%lls" в строке форматирования
C:\Users\zeedi\OneDrive\Рабочий стол\ЛР21\ЛР21\ЛР21\ЛР21.cpp(66,12): message : рекомендуется использовать "%Ls" в строке форматирования
C:\Users\zeedi\OneDrive\Рабочий стол\ЛР21\ЛР21\ЛР21\ЛР21.cpp(66,12): message : рекомендуется использовать "%ws" в строке форматирования
  ЛР21.vcxproj -> C:\Users\zeedi\OneDrive\Рабочий стол\ЛР21\ЛР21\Debug\ЛР21.exe
